*** Using Compiler 'V5.06 update 6 (build 750)', folder: 'D:\Keil_v5\ARM\ARMCC\Bin'
Build target 'Demo'
compiling task_sysinit.c...
compiling threadpool.c...
compiling ocd_at24cxx.c...
compiling task_userinit.c...
compiling ocd_fatfs.c...
compiling main.c...
compiling task_irq.c...
compiling ocd_ads1256.c...
compiling config.c...
compiling usercode.c...
compiling ocd_ds3231.c...
compiling ocd_jy901.c...
compiling ocd_ms5837.c...
compiling diskio.c...
compiling ff.c...
compiling ocd_oled.c...
compiling algo_func.c...
compiling dev_ps2.c...
compiling ocd_sdcard.c...
compiling algo_pid.c...
compiling drv_hal_can.c...
compiling ocd_rm3100.c...
compiling drv_hal_dac.c...
compiling drv_hal_gpio.c...
compiling drv_hal_adc.c...
compiling drv_hal.c...
compiling drv_hal_delay.c...
compiling drv_hal_flash.c...
compiling stm32f4xx_hal.c...
compiling stm32f4xx_hal_can.c...
compiling stm32f4xx_hal_adc_ex.c...
compiling stm32f4xx_hal_cec.c...
compiling drv_hal_spi_soft.c...
compiling drv_hal_pwr.c...
compiling drv_hal_spi.c...
compiling stm32f4xx_hal_adc.c...
compiling drv_hal_wdg.c...
compiling drv_hal_iic_soft.c...
compiling drv_hal_timer.c...
compiling drv_hal_pwm.c...
compiling drv_hal_uart.c...
compiling stm32f4xx_hal_cryp_ex.c...
compiling stm32f4xx_hal_dac_ex.c...
compiling stm32f4xx_hal_dac.c...
compiling stm32f4xx_hal_cryp.c...
compiling stm32f4xx_hal_dcmi.c...
compiling stm32f4xx_hal_dfsdm.c...
compiling stm32f4xx_hal_cortex.c...
compiling stm32f4xx_hal_dcmi_ex.c...
compiling stm32f4xx_hal_dma.c...
compiling stm32f4xx_hal_crc.c...
compiling stm32f4xx_hal_dma2d.c...
compiling stm32f4xx_hal_dsi.c...
compiling stm32f4xx_hal_dma_ex.c...
compiling stm32f4xx_hal_fmpi2c.c...
compiling stm32f4xx_hal_hash_ex.c...
compiling stm32f4xx_hal_flash_ramfunc.c...
compiling stm32f4xx_hal_hcd.c...
compiling stm32f4xx_hal_fmpsmbus.c...
compiling stm32f4xx_hal_hash.c...
compiling stm32f4xx_hal_exti.c...
compiling stm32f4xx_hal_fmpi2c_ex.c...
compiling stm32f4xx_hal_flash.c...
compiling stm32f4xx_hal_fmpsmbus_ex.c...
compiling stm32f4xx_hal_gpio.c...
compiling stm32f4xx_hal_flash_ex.c...
compiling stm32f4xx_hal_eth.c...
compiling stm32f4xx_hal_ltdc.c...
compiling stm32f4xx_hal_nor.c...
compiling stm32f4xx_hal_iwdg.c...
compiling stm32f4xx_hal_nand.c...
compiling stm32f4xx_hal_mmc.c...
compiling stm32f4xx_hal_lptim.c...
compiling stm32f4xx_hal_pccard.c...
compiling stm32f4xx_hal_ltdc_ex.c...
compiling stm32f4xx_hal_irda.c...
compiling stm32f4xx_hal_i2c_ex.c...
compiling stm32f4xx_hal_i2s.c...
compiling stm32f4xx_hal_i2s_ex.c...
compiling stm32f4xx_hal_i2c.c...
compiling stm32f4xx_hal_pcd_ex.c...
compiling stm32f4xx_hal_pcd.c...
compiling stm32f4xx_hal_qspi.c...
compiling stm32f4xx_hal_pwr_ex.c...
compiling stm32f4xx_hal_pwr.c...
compiling stm32f4xx_hal_sai.c...
compiling stm32f4xx_hal_sai_ex.c...
compiling stm32f4xx_hal_rtc_ex.c...
compiling stm32f4xx_hal_rng.c...
compiling stm32f4xx_hal_rtc.c...
compiling stm32f4xx_hal_rcc_ex.c...
compiling stm32f4xx_hal_sd.c...
compiling stm32f4xx_hal_rcc.c...
assembling startup_stm32f407xx.s...
compiling stm32f4xx_hal_sdram.c...
compiling stm32f4xx_hal_smbus.c...
compiling stm32f4xx_hal_wwdg.c...
compiling stm32f4xx_hal_smartcard.c...
compiling stm32f4xx_hal_spdifrx.c...
compiling system_stm32f4xx.c...
compiling stm32f4xx_hal_sram.c...
compiling stm32f4xx_hal_usart.c...
compiling stm32f4xx_hal_tim_ex.c...
compiling stm32f4xx_hal_spi.c...
compiling stm32f4xx_hal_uart.c...
compiling stm32f4xx_hal_tim.c...
linking...
Program Size: Code=14248 RO-data=448 RW-data=456 ZI-data=1536  
".\Objects\STM32.axf" - 0 Error(s), 0 Warning(s).
Build Time Elapsed:  00:00:31
